# Logfile created on 2024-01-04 13:46:05 +0000 by logger.rb/66358
2024-01-04T13:46:05.140Z: ActiveRecord connection established
2024-01-04T13:46:06.410Z: Checking state of dynamic postgres partitions
2024-01-04T13:46:30.201Z: Checking state of dynamic postgres partitions
2024-01-04T13:46:30.258Z: {:method=>"with_lock_retries", :class=>"Gitlab::Database::Partitioning::PartitionCreator", :message=>"Lock timeout is set", :current_iteration=>1, :lock_timeout_in_ms=>100}
2024-01-04T13:46:30.283Z: Created partition audit_events_part_5fc467ac26_000000 for table audit_events_part_5fc467ac26
2024-01-04T13:46:30.300Z: Created partition audit_events_part_5fc467ac26_202401 for table audit_events_part_5fc467ac26
2024-01-04T13:46:30.314Z: Created partition audit_events_part_5fc467ac26_202402 for table audit_events_part_5fc467ac26
2024-01-04T13:46:30.328Z: Created partition audit_events_part_5fc467ac26_202403 for table audit_events_part_5fc467ac26
2024-01-04T13:46:30.343Z: Created partition audit_events_part_5fc467ac26_202404 for table audit_events_part_5fc467ac26
2024-01-04T13:46:30.357Z: Created partition audit_events_part_5fc467ac26_202405 for table audit_events_part_5fc467ac26
2024-01-04T13:46:30.377Z: Created partition audit_events_part_5fc467ac26_202406 for table audit_events_part_5fc467ac26
2024-01-04T13:46:30.388Z: Created partition audit_events_part_5fc467ac26_202407 for table audit_events_part_5fc467ac26
2024-01-04T13:46:30.393Z: {:method=>"with_lock_retries", :class=>"Gitlab::Database::Partitioning::PartitionCreator", :message=>"Migration finished", :current_iteration=>1, :lock_timeout_in_ms=>100}
2024-01-04T13:46:31.927Z: User "Administrator" (admin@example.com) was created
2024-01-04T13:46:32.218Z: Group "GitLab Instance" was created
2024-01-04T13:46:33.250Z: Unable to save project. Error: 14:failed to connect to all addresses. debug_error_string:{"created":"@1704375993.248762694","description":"Failed to pick subchannel","file":"src/core/ext/filters/client_channel/client_channel.cc","file_line":3952,"referenced_errors":[{"created":"@1704375993.248761377","description":"failed to connect to all addresses","file":"src/core/ext/filters/client_channel/lb_policy/pick_first/pick_first.cc","file_line":394,"grpc_status":14}]} Project ID: 1
2024-01-04T13:46:33.691Z: Cannot obtain an exclusive lease. There must be another instance already in execution.
2024-01-04T13:47:08.508Z: Checking state of dynamic postgres partitions
2024-01-04T13:47:08.516Z: Checking state of dynamic postgres partitions
2024-01-04T13:47:50.705Z: ActiveRecord connection disconnected
2024-01-04T13:47:51.159Z: ActiveRecord connection established
2024-01-04T13:47:51.251Z: ActiveRecord connection established
2024-01-04T13:47:54.483Z: ActiveRecord connection established
2024-01-04T13:47:55.823Z: Checking state of dynamic postgres partitions
2024-01-04T13:54:10.163Z: Successful Login: username=root ip=172.21.0.1 method=standard admin=true
2024-01-04T13:54:53.193Z: Unable to save project. Error: 14:failed to connect to all addresses. debug_error_string:{"created":"@1704376493.189590641","description":"Failed to pick subchannel","file":"src/core/ext/filters/client_channel/client_channel.cc","file_line":3952,"referenced_errors":[{"created":"@1704376491.339921582","description":"failed to connect to all addresses","file":"src/core/ext/filters/client_channel/lb_policy/pick_first/pick_first.cc","file_line":394,"grpc_status":14}]}
2024-01-04T13:55:38.221Z: User "test" (test@gmail.com) was created
2024-01-04T14:00:28.882Z: StuckCiJobsWorker: Cleaning stuck builds
